\BOOKMARK [1][-]{section.1}{\376\377\000I\000n\000t\000r\000o\000d\000u\000\347\000\343\000o}{}% 1
\BOOKMARK [1][-]{section.2}{\376\377\000R\000e\000v\000i\000s\000\343\000o\000\040\000d\000a\000\040\000L\000i\000t\000e\000r\000a\000t\000u\000r\000a}{}% 2
\BOOKMARK [1][-]{section.3}{\376\377\000M\000e\000t\000o\000d\000o\000l\000o\000g\000i\000a}{}% 3
\BOOKMARK [2][-]{subsection.3.1}{\376\377\000D\000e\000f\000i\000n\000i\000\347\000\343\000o\000\040\000d\000o\000\040\000P\000r\000o\000b\000l\000e\000m\000a}{section.3}% 4
\BOOKMARK [3][-]{subsubsection.3.1.1}{\376\377\000O\000b\000j\000e\000t\000i\000v\000o\000s}{subsection.3.1}% 5
\BOOKMARK [3][-]{subsubsection.3.1.2}{\376\377\000O\000s\000\040\000o\000b\000j\000e\000t\000i\000v\000o\000s\000\040\000e\000s\000p\000e\000c\000\355\000f\000i\000c\000o\000s}{subsection.3.1}% 6
\BOOKMARK [2][-]{subsection.3.2}{\376\377\000M\000a\000t\000e\000r\000i\000a\000i\000s\000\040\000e\000\040\000E\000q\000u\000i\000p\000a\000m\000e\000n\000t\000o\000s}{section.3}% 7
\BOOKMARK [2][-]{subsection.3.3}{\376\377\000A\000r\000q\000u\000i\000t\000e\000t\000u\000r\000a\000\040\000d\000o\000\040\000S\000i\000s\000t\000e\000m\000a}{section.3}% 8
\BOOKMARK [2][-]{subsection.3.4}{\376\377\000F\000l\000u\000x\000o\000\040\000d\000e\000\040\000C\000o\000n\000t\000r\000o\000l\000e}{section.3}% 9
\BOOKMARK [2][-]{subsection.3.5}{\376\377\000C\000o\000l\000e\000t\000a\000\040\000d\000e\000\040\000D\000a\000d\000o\000s}{section.3}% 10
\BOOKMARK [2][-]{subsection.3.6}{\376\377\000A\000n\000\341\000l\000i\000s\000e\000\040\000E\000s\000t\000a\000t\000\355\000s\000t\000i\000c\000a\000\040}{section.3}% 11
\BOOKMARK [3][-]{subsubsection.3.6.1}{\376\377\000P\000r\000o\000c\000e\000s\000s\000a\000m\000e\000n\000t\000o}{subsection.3.6}% 12
\BOOKMARK [3][-]{subsubsection.3.6.2}{\376\377\000M\000e\000d\000i\000d\000a\000s\000\040\000d\000e\000\040\000T\000e\000n\000d\000\352\000n\000c\000i\000a\000\040\000C\000e\000n\000t\000r\000a\000l}{subsection.3.6}% 13
\BOOKMARK [3][-]{subsubsection.3.6.3}{\376\377\000M\000e\000d\000i\000d\000a\000s\000\040\000d\000e\000\040\000D\000i\000s\000p\000e\000r\000s\000\343\000o}{subsection.3.6}% 14
\BOOKMARK [3][-]{subsubsection.3.6.4}{\376\377\000J\000u\000s\000t\000i\000f\000i\000c\000a\000t\000i\000v\000a\000\040\000p\000a\000r\000a\000\040\000o\000\040\000P\000r\000o\000j\000e\000t\000o}{subsection.3.6}% 15
\BOOKMARK [2][-]{subsection.3.7}{\376\377\000A\000n\000\341\000l\000i\000s\000e\000\040\000d\000e\000\040\000C\000o\000r\000r\000e\000l\000a\000\347\000\343\000o\000\040\000L\000i\000n\000e\000a\000r\000\040\000p\000a\000r\000a\000\040\000S\000i\000s\000t\000e\000m\000a\000s\000\040\000E\000m\000b\000a\000r\000c\000a\000d\000o\000s}{section.3}% 16
\BOOKMARK [3][-]{subsubsection.3.7.1}{\376\377\000J\000u\000s\000t\000i\000f\000i\000c\000a\000t\000i\000v\000a\000\040\000M\000a\000t\000e\000m\000\341\000t\000i\000c\000a\000\040\000p\000a\000r\000a\000\040\000I\000m\000p\000l\000e\000m\000e\000n\000t\000a\000\347\000\343\000o\000\040\000e\000m\000\040\000A\000r\000d\000u\000i\000n\000o}{subsection.3.7}% 17
\BOOKMARK [3][-]{subsubsection.3.7.2}{\376\377\000T\000e\000s\000t\000e\000\040\000d\000e\000\040\000H\000i\000p\000\363\000t\000e\000s\000e\000\040\000c\000o\000m\000\040\000R\000e\000s\000t\000r\000i\000\347\000\365\000e\000s\000\040\000C\000o\000m\000p\000u\000t\000a\000c\000i\000o\000n\000a\000i\000s}{subsection.3.7}% 18
\BOOKMARK [3][-]{subsubsection.3.7.3}{\376\377\000I\000n\000t\000e\000r\000p\000r\000e\000t\000a\000\347\000\343\000o\000\040\000F\000\355\000s\000i\000c\000o\000-\000E\000s\000t\000a\000t\000\355\000s\000t\000i\000c\000a\000\040\000p\000a\000r\000a\000\040\000S\000e\000n\000s\000o\000r\000e\000s\000\040\000I\000o\000T}{subsection.3.7}% 19
\BOOKMARK [3][-]{subsubsection.3.7.4}{\376\377\000I\000m\000p\000l\000e\000m\000e\000n\000t\000a\000\347\000\343\000o\000\040\000O\000t\000i\000m\000i\000z\000a\000d\000a}{subsection.3.7}% 20
\BOOKMARK [2][-]{subsection.3.8}{\376\377\000V\000a\000l\000i\000d\000a\000\347\000\343\000o\000\040\000e\000\040\000T\000e\000s\000t\000e\000s}{section.3}% 21
\BOOKMARK [2][-]{subsection.3.9}{\376\377\000I\000m\000p\000l\000e\000m\000e\000n\000t\000a\000\347\000\343\000o\000\040\000d\000o\000\040\000S\000i\000s\000t\000e\000m\000a\000\040\000d\000e\000\040\000C\000o\000l\000e\000t\000a\000\040\000d\000e\000\040\000D\000a\000d\000o\000s}{section.3}% 22
\BOOKMARK [3][-]{subsubsection.3.9.1}{\376\377\000A\000r\000q\000u\000i\000t\000e\000t\000u\000r\000a\000\040\000d\000o\000\040\000S\000i\000s\000t\000e\000m\000a}{subsection.3.9}% 23
\BOOKMARK [3][-]{subsubsection.3.9.2}{\376\377\000A\000l\000g\000o\000r\000i\000t\000m\000o\000\040\000d\000e\000\040\000C\000o\000l\000e\000t\000a\000\040\000e\000\040\000P\000r\000o\000c\000e\000s\000s\000a\000m\000e\000n\000t\000o}{subsection.3.9}% 24
\BOOKMARK [3][-]{subsubsection.3.9.3}{\376\377\000A\000n\000\341\000l\000i\000s\000e\000\040\000E\000s\000t\000a\000t\000\355\000s\000t\000i\000c\000a\000\040\000I\000m\000p\000l\000e\000m\000e\000n\000t\000a\000d\000a}{subsection.3.9}% 25
\BOOKMARK [3][-]{subsubsection.3.9.4}{\376\377\000A\000r\000m\000a\000z\000e\000n\000a\000m\000e\000n\000t\000o\000\040\000d\000e\000\040\000D\000a\000d\000o\000s}{subsection.3.9}% 26
\BOOKMARK [3][-]{subsubsection.3.9.5}{\376\377\000O\000t\000i\000m\000i\000z\000a\000\347\000\365\000e\000s\000\040\000I\000m\000p\000l\000e\000m\000e\000n\000t\000a\000d\000a\000s}{subsection.3.9}% 27
\BOOKMARK [1][-]{section.4}{\376\377\000R\000e\000s\000u\000l\000t\000a\000d\000o\000s}{}% 28
\BOOKMARK [2][-]{subsection.4.1}{\376\377\000V\000a\000r\000i\000a\000\347\000\343\000o\000\040\000T\000e\000m\000p\000o\000r\000a\000l\000\040\000d\000a\000s\000\040\000V\000a\000r\000i\000\341\000v\000e\000i\000s}{section.4}% 29
\BOOKMARK [3][-]{subsubsection.4.1.1}{\376\377\000U\000m\000i\000d\000a\000d\000e\000\040\000d\000o\000\040\000A\000r}{subsection.4.1}% 30
\BOOKMARK [3][-]{subsubsection.4.1.2}{\376\377\000T\000e\000m\000p\000e\000r\000a\000t\000u\000r\000a}{subsection.4.1}% 31
\BOOKMARK [3][-]{subsubsection.4.1.3}{\376\377\000U\000m\000i\000d\000a\000d\000e\000\040\000d\000o\000\040\000S\000o\000l\000o}{subsection.4.1}% 32
\BOOKMARK [2][-]{subsection.4.2}{\376\377\000D\000i\000s\000t\000r\000i\000b\000u\000i\000\347\000\343\000o\000\040\000d\000o\000s\000\040\000D\000a\000d\000o\000s}{section.4}% 33
\BOOKMARK [2][-]{subsection.4.3}{\376\377\000R\000e\000l\000a\000\347\000\365\000e\000s\000\040\000e\000n\000t\000r\000e\000\040\000V\000a\000r\000i\000\341\000v\000e\000i\000s}{section.4}% 34
\BOOKMARK [2][-]{subsection.4.4}{\376\377\000A\000n\000\341\000l\000i\000s\000e\000\040\000d\000e\000\040\000O\000u\000t\000l\000i\000e\000r\000s}{section.4}% 35
\BOOKMARK [2][-]{subsection.4.5}{\376\377\000C\000o\000n\000c\000l\000u\000s\000\343\000o}{section.4}% 36
